<?xml version="1.0" encoding="UTF-8"?>
<!-- Generated by org.testng.reporters.JUnitXMLReporter -->
<testsuite ignored="0" hostname="LAPTOP-3BL16AQ1" failures="0" tests="8" name="Test" time="23.74" errors="0" timestamp="2024-02-12T08:42:39 IST">
  <testcase classname="TestNg.TC_1_VerifyAdminTabOnHomePage" name="enterUsername" time="2.693"/>
  <testcase classname="TestNg.TC_1_VerifyAdminTabOnHomePage_Edge" name="enterUsername" time="0.746"/>
  <testcase classname="TestNg.TC_1_VerifyAdminTabOnHomePage" name="enterPassword" time="1.176"/>
  <testcase classname="TestNg.TC_1_VerifyAdminTabOnHomePage_Edge" name="enterPassword" time="0.51"/>
  <testcase classname="TestNg.TC_1_VerifyAdminTabOnHomePage" name="clickLogin" time="2.137"/>
  <testcase classname="TestNg.TC_1_VerifyAdminTabOnHomePage_Edge" name="clickLogin" time="0.238"/>
  <testcase classname="TestNg.TC_1_VerifyAdminTabOnHomePage" name="verifyAdminTab" time="0.895"/>
  <testcase classname="TestNg.TC_1_VerifyAdminTabOnHomePage_Edge" name="verifyAdminTab" time="1.885"/>
</testsuite> <!-- Test -->
